<?xml version="1.0" encoding="UTF-8"?>
<!-- Generated by org.testng.reporters.JUnitReportReporter -->
<testsuite hostname="KUBNEEZ" failures="0" tests="3" name="rahulshettyacademy.test.SubmitOrdercode" time="19.942" errors="0" timestamp="2024-01-13T14:47:22 IST" skipped="0">
  <testcase classname="rahulshettyacademy.test.SubmitOrdercode" name="submit" time="13.405"/>
  <system-out/>
  <testcase classname="rahulshettyacademy.test.SubmitOrdercode" name="ErrorValidation" time="3.572"/>
  <system-out/>
  <testcase classname="rahulshettyacademy.test.SubmitOrdercode" name="OrderPageHistory" time="2.965"/>
  <system-out/>
</testsuite> <!-- rahulshettyacademy.test.SubmitOrdercode -->
