<?xml version="1.0" encoding="UTF-8"?>
<!-- Generated by org.testng.reporters.JUnitReportReporter -->
<testsuite hostname="KUBNEEZ" failures="0" tests="2" name="rahulshettyacademy.test.DataProvidercode2" time="22.969" errors="0" timestamp="2024-01-13T02:28:54 IST" skipped="0">
  <testcase classname="rahulshettyacademy.test.DataProvidercode2" name="submit" time="12.161"/>
  <system-out/>
  <testcase classname="rahulshettyacademy.test.DataProvidercode2" name="submit" time="10.808"/>
  <system-out/>
</testsuite> <!-- rahulshettyacademy.test.DataProvidercode2 -->
