<?xml version="1.0" encoding="UTF-8"?>
<!-- Generated by org.testng.reporters.JUnitReportReporter -->
<testsuite hostname="KUBNEEZ" failures="0" tests="2" name="rahulshettyacademy.test.Hashcode" time="25.847" errors="0" timestamp="2024-01-13T14:47:22 IST" skipped="0">
  <testcase classname="rahulshettyacademy.test.Hashcode" name="submit" time="13.609"/>
  <system-out/>
  <testcase classname="rahulshettyacademy.test.Hashcode" name="submit" time="12.238"/>
  <system-out/>
</testsuite> <!-- rahulshettyacademy.test.Hashcode -->
