<?xml version="1.0" encoding="UTF-8"?>
<!-- Generated by org.testng.reporters.JUnitReportReporter -->
<testsuite hostname="KUBNEEZ" failures="0" tests="2" name="rahulshettyacademy.test.DataProvidercode" time="19.448" errors="0" timestamp="2024-01-13T14:47:22 IST" skipped="0">
  <testcase classname="rahulshettyacademy.test.DataProvidercode" name="submit" time="13.759"/>
  <system-out/>
  <testcase classname="rahulshettyacademy.test.DataProvidercode" name="submit" time="5.689"/>
  <system-out/>
</testsuite> <!-- rahulshettyacademy.test.DataProvidercode -->
